<?xml version="1.0" encoding="utf-8" standalone="no"?>
<!--This file represents the results of running a test suite-->
<test-results name="C:\Documents and Settings\Administrator\My Documents\Visual Studio 2010\Projects\MvcApplication2\MvcApplication2\bin\MvcApplication2.dll" total="0" errors="0" failures="0" not-run="0" inconclusive="0" ignored="0" skipped="0" invalid="0" date="2012-09-17" time="16:44:53">
  <environment nunit-version="2.6.1.12217" clr-version="2.0.50727.3053" os-version="Microsoft Windows NT 5.2.3790 Service Pack 2" platform="Win32NT" cwd="C:\Documents and Settings\Administrator\My Documents\Visual Studio 2010\Projects\MvcApplication2\MvcApplication2\bin" machine-name="SHAHZAD-8DD76D1" user="Administrator" user-domain="SHAHZAD-8DD76D1" />
  <culture-info current-culture="en-US" current-uiculture="en-US" />
  <test-suite type="Assembly" name="C:\Documents and Settings\Administrator\My Documents\Visual Studio 2010\Projects\MvcApplication2\MvcApplication2\bin\MvcApplication2.dll" executed="True" result="Inconclusive" success="False" time="0.000" asserts="0" />
</test-results>